<?xml version="1.0" encoding="UTF-8"?>
<testsuite xmlns:xsi="http://www.w3.org/2001/XMLSchema-instance" xsi:noNamespaceSchemaLocation="https://maven.apache.org/surefire/maven-surefire-plugin/xsd/surefire-test-report-3.0.xsd" version="3.0" name="ProfileTest" time="0.044" tests="7" errors="0" skipped="0" failures="0">
  <properties>
[...]
</properties>
  <testcase name="testSetPassword" classname="ProfileTest" time="0.018"/>
  <testcase name="testGetPassword" classname="ProfileTest" time="0.001"/>
  <testcase name="testGetEmail" classname="ProfileTest" time="0.001"/>
  <testcase name="testSetPreferredName" classname="ProfileTest" time="0.001"/>
  <testcase name="testGetPreferredName" classname="ProfileTest" time="0.002"/>
  <testcase name="testConstructor" classname="ProfileTest" time="0.001"/>
  <testcase name="testSetEmail" classname="ProfileTest" time="0.0"/>
</testsuite>